0 silly argv {
0 silly argv   _: [ 'create' ],
0 silly argv   lernaVersion: '7.4.2',
0 silly argv   '$0': 'D:\\software\\nodejs\\node_modules\\lerna\\dist\\cli.js',
0 silly argv   name: '@map/utils'
0 silly argv }
1 notice cli v7.4.2
2 verbose packageConfigs Explicit "packages" configuration found in lerna.json. Resolving packages using the configured glob(s): ["packages/*"]
3 verbose rootPath D:\workspace\pnpm-lerna
4 warn ENOREMOTE No git remote found, skipping repository property
5 error Error: canceled
5 error     at Interface.<anonymous> (D:\workspace\pnpm-lerna\node_modules\.pnpm\read@2.1.0\node_modules\read\lib\read.js:79:15)
5 error     at Interface.emit (node:events:513:28)
5 error     at Interface._ttyWrite (node:readline:1085:16)
5 error     at ReadStream.onkeypress (node:readline:291:10)
5 error     at ReadStream.emit (node:events:513:28)
5 error     at emitKeys (node:internal/readline/utils:357:14)
5 error     at emitKeys.next (<anonymous>)
5 error     at ReadStream.onData (node:internal/readline/emitKeypressEvents:61:36)
5 error     at ReadStream.emit (node:events:513:28)
